27-Mar-2026 16:45:44.641 정보 [main] org.apache.catalina.core.ApplicationContext.log ContextListener: contextInitialized()
27-Mar-2026 16:45:44.641 정보 [main] org.apache.catalina.core.ApplicationContext.log SessionListener: contextInitialized()
27-Mar-2026 16:45:44.643 정보 [main] org.apache.catalina.core.ApplicationContext.log ContextListener: attributeAdded('StockTicker', 'async.Stockticker@6c345c5f')
27-Mar-2026 16:46:48.349 정보 [main] org.apache.catalina.core.ApplicationContext.log SessionListener: contextDestroyed()
27-Mar-2026 16:46:48.349 정보 [main] org.apache.catalina.core.ApplicationContext.log ContextListener: contextDestroyed()
27-Mar-2026 16:47:48.839 정보 [main] org.apache.catalina.core.ApplicationContext.log ContextListener: contextInitialized()
27-Mar-2026 16:47:48.839 정보 [main] org.apache.catalina.core.ApplicationContext.log SessionListener: contextInitialized()
27-Mar-2026 16:47:48.842 정보 [main] org.apache.catalina.core.ApplicationContext.log ContextListener: attributeAdded('StockTicker', 'async.Stockticker@27a5328c')
27-Mar-2026 16:47:51.884 정보 [Thread-1] org.apache.catalina.core.ApplicationContext.log SessionListener: contextDestroyed()
27-Mar-2026 16:47:51.884 정보 [Thread-1] org.apache.catalina.core.ApplicationContext.log ContextListener: contextDestroyed()
27-Mar-2026 16:49:58.290 정보 [main] org.apache.catalina.core.ApplicationContext.log ContextListener: contextInitialized()
27-Mar-2026 16:49:58.290 정보 [main] org.apache.catalina.core.ApplicationContext.log SessionListener: contextInitialized()
27-Mar-2026 16:49:58.292 정보 [main] org.apache.catalina.core.ApplicationContext.log ContextListener: attributeAdded('StockTicker', 'async.Stockticker@6f80fafe')
27-Mar-2026 16:50:27.352 정보 [main] org.apache.catalina.core.ApplicationContext.log SessionListener: contextDestroyed()
27-Mar-2026 16:50:27.352 정보 [main] org.apache.catalina.core.ApplicationContext.log ContextListener: contextDestroyed()
27-Mar-2026 16:53:10.497 정보 [main] org.apache.catalina.core.ApplicationContext.log ContextListener: contextInitialized()
27-Mar-2026 16:53:10.497 정보 [main] org.apache.catalina.core.ApplicationContext.log SessionListener: contextInitialized()
27-Mar-2026 16:53:10.500 정보 [main] org.apache.catalina.core.ApplicationContext.log ContextListener: attributeAdded('StockTicker', 'async.Stockticker@6c345c5f')
27-Mar-2026 16:53:39.618 정보 [Thread-1] org.apache.catalina.core.ApplicationContext.log SessionListener: contextDestroyed()
27-Mar-2026 16:53:39.618 정보 [Thread-1] org.apache.catalina.core.ApplicationContext.log ContextListener: contextDestroyed()
27-Mar-2026 16:59:10.217 정보 [main] org.apache.catalina.core.ApplicationContext.log ContextListener: contextInitialized()
27-Mar-2026 16:59:10.217 정보 [main] org.apache.catalina.core.ApplicationContext.log SessionListener: contextInitialized()
27-Mar-2026 16:59:10.219 정보 [main] org.apache.catalina.core.ApplicationContext.log ContextListener: attributeAdded('StockTicker', 'async.Stockticker@6b5966e1')
27-Mar-2026 17:00:04.717 정보 [Thread-1] org.apache.catalina.core.ApplicationContext.log SessionListener: contextDestroyed()
27-Mar-2026 17:00:04.717 정보 [Thread-1] org.apache.catalina.core.ApplicationContext.log ContextListener: contextDestroyed()
